Using pre-set license

 COMMAND LINE ARGUMENTS:
/Applications/Unity/Hub/Editor/2020.3.0f1/Unity.app/Contents/MacOS/Unity
-adb2
-batchMode
-noUpm
-name
AssetImportWorker0
-projectPath
/Users/arianawaltonlambrecht/Projects/2D_Beginner_Game/2D-beginner/Ruby's_Adventure
-logFile
Logs/AssetImportWorker0.log
-srvPort
49673
Successfully changed project path to: /Users/arianawaltonlambrecht/Projects/2D_Beginner_Game/2D-beginner/Ruby's_Adventure
/Users/arianawaltonlambrecht/Projects/2D_Beginner_Game/2D-beginner/Ruby's_Adventure
Using Asset Import Pipeline V2.
Refreshing native plugins compatible for Editor in 40.06 ms, found 2 plugins.
Preloading 0 native plugins for Editor in 0.00 ms.
Initialize engine version: 2020.3.0f1 (c7b5465681fb)
[Subsystems] Discovering subsystems at path /Applications/Unity/Hub/Editor/2020.3.0f1/Unity.app/Contents/Resources/UnitySubsystems
[Subsystems] Discovering subsystems at path /Users/arianawaltonlambrecht/Projects/2D_Beginner_Game/2D-beginner/Ruby's_Adventure/Assets
GfxDevice: creating device client; threaded=0
2021-10-04 01:35:43.262 Unity[14551:769458] Color LCD preferred device: Intel(R) UHD Graphics 630 (low power)
2021-10-04 01:35:43.262 Unity[14551:769458] Metal devices available: 2
2021-10-04 01:35:43.262 Unity[14551:769458] 0: AMD Radeon Pro 5300M (high power)
2021-10-04 01:35:43.262 Unity[14551:769458] 1: Intel(R) UHD Graphics 630 (low power)
2021-10-04 01:35:43.262 Unity[14551:769458] Using device AMD Radeon Pro 5300M (high power)
Initializing Metal device caps: AMD Radeon Pro 5300M
Initialize mono
Mono path[0] = '/Applications/Unity/Hub/Editor/2020.3.0f1/Unity.app/Contents/Managed'
Mono path[1] = '/Applications/Unity/Hub/Editor/2020.3.0f1/Unity.app/Contents/MonoBleedingEdge/lib/mono/unityjit'
Mono config path = '/Applications/Unity/Hub/Editor/2020.3.0f1/Unity.app/Contents/MonoBleedingEdge/etc'
Using monoOptions --debugger-agent=transport=dt_socket,embedding=1,server=y,suspend=n,address=127.0.0.1:56551
Begin MonoManager ReloadAssembly
Registering precompiled unity dll's ...
Register platform support module: /Applications/Unity/Hub/Editor/2020.3.0f1/Unity.app/Contents/PlaybackEngines/MacStandaloneSupport/UnityEditor.OSXStandalone.Extensions.dll
Registered in 0.002452 seconds.
Native extension for OSXStandalone target not found
Refreshing native plugins compatible for Editor in 34.06 ms, found 2 plugins.
Preloading 0 native plugins for Editor in 0.00 ms.
Invoked RoslynAnalysisRunner static constructor.
RoslynAnalysisRunner will not be running.
RoslynAnalysisRunner has terminated.
Mono: successfully reloaded assembly
- Completed reload, in  2.853 seconds
Platform modules already initialized, skipping
Registering precompiled user dll's ...
Registered in 0.001031 seconds.
Begin MonoManager ReloadAssembly
Native extension for OSXStandalone target not found
Refreshing native plugins compatible for Editor in 31.27 ms, found 2 plugins.
Preloading 0 native plugins for Editor in 0.00 ms.
Invoked RoslynAnalysisRunner static constructor.
RoslynAnalysisRunner will not be running.
RoslynAnalysisRunner has terminated.
Mono: successfully reloaded assembly
- Completed reload, in  1.056 seconds
Platform modules already initialized, skipping
========================================================================
Worker process is ready to serve import requests
Launching external process: /Applications/Unity/Hub/Editor/2020.3.0f1/Unity.app/Contents/Tools/UnityShaderCompiler
Launched and connected shader compiler UnityShaderCompiler after 0.02 seconds
Refreshing native plugins compatible for Editor in 0.34 ms, found 2 plugins.
Preloading 0 native plugins for Editor in 0.00 ms.
Unloading 1808 Unused Serialized files (Serialized files now loaded: 0)
System memory in use before: 148.8 MB.
System memory in use after: 148.8 MB.

Unloading 24 unused Assets to reduce memory usage. Loaded Objects now: 2250.
Total: 2.688369 ms (FindLiveObjects: 0.256353 ms CreateObjectMapping: 0.111296 ms MarkObjects: 2.075575 ms  DeleteObjects: 0.243628 ms)

========================================================================
Received Import Request.
  path: Assets/Art/Sprites
  artifactKey: Guid(393943900ba2b6c4cb80f5e4a5d0806c) Importer(815301076,1909f56bfc062723c751e8b465ee728b)
Start importing Assets/Art/Sprites using Guid(393943900ba2b6c4cb80f5e4a5d0806c) Importer(815301076,1909f56bfc062723c751e8b465ee728b)  -> (artifact id: 'c97f20c78386dc2ff856480983d0a336') in 0.004392 seconds
  Import took 0.007735 seconds .

========================================================================
Received Import Request.
  Time since last request: 0.000217 seconds.
  path: Assets/Art/Sprites/Ruby.png
  artifactKey: Guid(22b24668949c74ea09f7d21da66298f4) Importer(815301076,1909f56bfc062723c751e8b465ee728b)
Start importing Assets/Art/Sprites/Ruby.png using Guid(22b24668949c74ea09f7d21da66298f4) Importer(815301076,1909f56bfc062723c751e8b465ee728b)  -> (artifact id: '0aaaaf8dfed0be4a55f4d5be37babf9c') in 1.171358 seconds
  Import took 1.174545 seconds .

========================================================================
Received Import Request.
  Time since last request: 32.228680 seconds.
  path: Assets/Scripts
  artifactKey: Guid(cba823fbb1fcb4e1da5fe97fd8dc3013) Importer(815301076,1909f56bfc062723c751e8b465ee728b)
Start importing Assets/Scripts using Guid(cba823fbb1fcb4e1da5fe97fd8dc3013) Importer(815301076,1909f56bfc062723c751e8b465ee728b)  -> (artifact id: 'a33e0521f5b7765493d67855d0fa880c') in 0.001885 seconds
  Import took 0.005543 seconds .

========================================================================
Received Import Request.
  Time since last request: 17.543399 seconds.
  path: Assets/Scripts/RubyController.cs
  artifactKey: Guid(125b1298523594cdc8ef11201e175a75) Importer(815301076,1909f56bfc062723c751e8b465ee728b)
Start importing Assets/Scripts/RubyController.cs using Guid(125b1298523594cdc8ef11201e175a75) Importer(815301076,1909f56bfc062723c751e8b465ee728b)  -> (artifact id: '3e09e98fcc4a0e6f147d1d7ca98612bd') in 1.886379 seconds
  Import took 1.889461 seconds .

========================================================================
Received Prepare
Registering precompiled user dll's ...
Registered in 0.000762 seconds.
Begin MonoManager ReloadAssembly
Native extension for OSXStandalone target not found
Refreshing native plugins compatible for Editor in 0.33 ms, found 2 plugins.
Preloading 0 native plugins for Editor in 0.00 ms.
Invoked RoslynAnalysisRunner static constructor.
RoslynAnalysisRunner will not be running.
RoslynAnalysisRunner has terminated.
Mono: successfully reloaded assembly
- Completed reload, in  0.948 seconds
Platform modules already initialized, skipping
Refreshing native plugins compatible for Editor in 0.39 ms, found 2 plugins.
Preloading 0 native plugins for Editor in 0.00 ms.
Unloading 1804 Unused Serialized files (Serialized files now loaded: 0)
System memory in use before: 160.8 MB.
System memory in use after: 160.8 MB.

Unloading 12 unused Assets to reduce memory usage. Loaded Objects now: 2261.
Total: 1.922642 ms (FindLiveObjects: 0.205570 ms CreateObjectMapping: 0.073528 ms MarkObjects: 1.561273 ms  DeleteObjects: 0.080658 ms)

========================================================================
Received Prepare
Registering precompiled user dll's ...
Registered in 0.000876 seconds.
Begin MonoManager ReloadAssembly
Native extension for OSXStandalone target not found
Refreshing native plugins compatible for Editor in 0.32 ms, found 2 plugins.
Preloading 0 native plugins for Editor in 0.00 ms.
Invoked RoslynAnalysisRunner static constructor.
RoslynAnalysisRunner will not be running.
RoslynAnalysisRunner has terminated.
Mono: successfully reloaded assembly
- Completed reload, in  0.857 seconds
Platform modules already initialized, skipping
Refreshing native plugins compatible for Editor in 0.28 ms, found 2 plugins.
Preloading 0 native plugins for Editor in 0.00 ms.
Unloading 1804 Unused Serialized files (Serialized files now loaded: 0)
System memory in use before: 161.0 MB.
System memory in use after: 161.0 MB.

Unloading 12 unused Assets to reduce memory usage. Loaded Objects now: 2265.
Total: 1.803617 ms (FindLiveObjects: 0.222121 ms CreateObjectMapping: 0.055695 ms MarkObjects: 1.438199 ms  DeleteObjects: 0.086583 ms)

========================================================================
Received Import Request.
  Time since last request: 45.184776 seconds.
  path: Assets/Scripts/RubyController.cs
  artifactKey: Guid(125b1298523594cdc8ef11201e175a75) Importer(815301076,1909f56bfc062723c751e8b465ee728b)
Start importing Assets/Scripts/RubyController.cs using Guid(125b1298523594cdc8ef11201e175a75) Importer(815301076,1909f56bfc062723c751e8b465ee728b)  -> (artifact id: 'fbedac32fbb3f8a14d805691ca4156eb') in 0.005460 seconds
  Import took 0.009287 seconds .

